{"C:\\baekjoon\\copycat\\server\\server.js": {"path":"C:\\baekjoon\\copycat\\server\\server.js","statementMap":{"0":{"start":{"line":9,"column":0},"end":{"line":9,"column":10}},"1":{"start":{"line":10,"column":0},"end":{"line":10,"column":9}},"2":{"start":{"line":11,"column":12},"end":{"line":11,"column":21}},"3":{"start":{"line":15,"column":0},"end":{"line":15,"column":24}},"4":{"start":{"line":16,"column":0},"end":{"line":16,"column":27}},"5":{"start":{"line":17,"column":0},"end":{"line":17,"column":17}},"6":{"start":{"line":18,"column":0},"end":{"line":18,"column":31}},"7":{"start":{"line":19,"column":0},"end":{"line":19,"column":27}},"8":{"start":{"line":20,"column":0},"end":{"line":20,"column":43}},"9":{"start":{"line":21,"column":0},"end":{"line":21,"column":16}},"10":{"start":{"line":26,"column":0},"end":{"line":26,"column":37}},"11":{"start":{"line":27,"column":0},"end":{"line":30,"column":5}},"12":{"start":{"line":28,"column":4},"end":{"line":28,"column":29}},"13":{"start":{"line":29,"column":4},"end":{"line":29,"column":41}}},"fnMap":{"0":{"name":"(anonymous_0)","decl":{"start":{"line":27,"column":8},"end":{"line":27,"column":9}},"loc":{"start":{"line":27,"column":33},"end":{"line":30,"column":3}},"line":27}},"branchMap":{},"s":{"0":2,"1":2,"2":2,"3":2,"4":2,"5":2,"6":2,"7":2,"8":2,"9":2,"10":2,"11":2,"12":0,"13":0},"f":{"0":0},"b":{},"_coverageSchema":"1a1c01bbd47fc00a2c39e90264f33305004495a9","hash":"02dd1681eb0a00571c74e6e7dae147b458e1c921"}
,"C:\\baekjoon\\copycat\\server\\socket.js": {"path":"C:\\baekjoon\\copycat\\server\\socket.js","statementMap":{"0":{"start":{"line":12,"column":13},"end":{"line":14,"column":4}},"1":{"start":{"line":15,"column":2},"end":{"line":15,"column":35}},"2":{"start":{"line":17,"column":2},"end":{"line":17,"column":39}},"3":{"start":{"line":18,"column":2},"end":{"line":18,"column":36}},"4":{"start":{"line":19,"column":2},"end":{"line":19,"column":26}},"5":{"start":{"line":20,"column":2},"end":{"line":75,"column":5}},"6":{"start":{"line":21,"column":4},"end":{"line":21,"column":40}},"7":{"start":{"line":22,"column":17},"end":{"line":22,"column":36}},"8":{"start":{"line":23,"column":4},"end":{"line":23,"column":48}},"9":{"start":{"line":24,"column":18},"end":{"line":24,"column":35}},"10":{"start":{"line":25,"column":4},"end":{"line":25,"column":31}},"11":{"start":{"line":26,"column":4},"end":{"line":29,"column":7}},"12":{"start":{"line":27,"column":6},"end":{"line":27,"column":54}},"13":{"start":{"line":30,"column":4},"end":{"line":32,"column":7}},"14":{"start":{"line":31,"column":6},"end":{"line":31,"column":27}},"15":{"start":{"line":33,"column":4},"end":{"line":41,"column":7}},"16":{"start":{"line":34,"column":6},"end":{"line":34,"column":41}},"17":{"start":{"line":35,"column":22},"end":{"line":38,"column":8}},"18":{"start":{"line":39,"column":26},"end":{"line":39,"column":46}},"19":{"start":{"line":40,"column":6},"end":{"line":40,"column":38}},"20":{"start":{"line":42,"column":4},"end":{"line":74,"column":7}},"21":{"start":{"line":43,"column":6},"end":{"line":43,"column":36}},"22":{"start":{"line":44,"column":23},"end":{"line":44,"column":48}},"23":{"start":{"line":45,"column":6},"end":{"line":52,"column":7}},"24":{"start":{"line":47,"column":8},"end":{"line":50,"column":11}},"25":{"start":{"line":51,"column":8},"end":{"line":51,"column":15}},"26":{"start":{"line":54,"column":6},"end":{"line":60,"column":7}},"27":{"start":{"line":55,"column":8},"end":{"line":58,"column":11}},"28":{"start":{"line":59,"column":8},"end":{"line":59,"column":15}},"29":{"start":{"line":61,"column":31},"end":{"line":61,"column":60}},"30":{"start":{"line":62,"column":6},"end":{"line":68,"column":7}},"31":{"start":{"line":63,"column":8},"end":{"line":66,"column":11}},"32":{"start":{"line":67,"column":8},"end":{"line":67,"column":15}},"33":{"start":{"line":69,"column":6},"end":{"line":69,"column":32}},"34":{"start":{"line":70,"column":6},"end":{"line":73,"column":9}},"35":{"start":{"line":76,"column":24},"end":{"line":76,"column":39}},"36":{"start":{"line":77,"column":2},"end":{"line":77,"column":37}},"37":{"start":{"line":79,"column":2},"end":{"line":125,"column":5}},"38":{"start":{"line":80,"column":4},"end":{"line":80,"column":40}},"39":{"start":{"line":81,"column":17},"end":{"line":81,"column":36}},"40":{"start":{"line":82,"column":4},"end":{"line":82,"column":22}},"41":{"start":{"line":83,"column":19},"end":{"line":83,"column":48}},"42":{"start":{"line":84,"column":4},"end":{"line":84,"column":39}},"43":{"start":{"line":85,"column":4},"end":{"line":85,"column":38}},"44":{"start":{"line":86,"column":4},"end":{"line":86,"column":24}},"45":{"start":{"line":87,"column":4},"end":{"line":87,"column":44}},"46":{"start":{"line":88,"column":4},"end":{"line":88,"column":75}},"47":{"start":{"line":89,"column":4},"end":{"line":92,"column":7}},"48":{"start":{"line":93,"column":4},"end":{"line":115,"column":7}},"49":{"start":{"line":94,"column":6},"end":{"line":99,"column":11}},"50":{"start":{"line":100,"column":6},"end":{"line":100,"column":27}},"51":{"start":{"line":101,"column":18},"end":{"line":101,"column":68}},"52":{"start":{"line":102,"column":6},"end":{"line":102,"column":36}},"53":{"start":{"line":104,"column":6},"end":{"line":114,"column":7}},"54":{"start":{"line":105,"column":33},"end":{"line":105,"column":71}},"55":{"start":{"line":106,"column":8},"end":{"line":113,"column":9}},"56":{"start":{"line":107,"column":10},"end":{"line":111,"column":13}},"57":{"start":{"line":112,"column":10},"end":{"line":112,"column":17}},"58":{"start":{"line":116,"column":4},"end":{"line":118,"column":7}},"59":{"start":{"line":117,"column":6},"end":{"line":117,"column":27}},"60":{"start":{"line":119,"column":4},"end":{"line":124,"column":7}},"61":{"start":{"line":120,"column":6},"end":{"line":123,"column":9}}},"fnMap":{"0":{"name":"(anonymous_0)","decl":{"start":{"line":11,"column":15},"end":{"line":11,"column":16}},"loc":{"start":{"line":11,"column":27},"end":{"line":126,"column":1}},"line":11},"1":{"name":"(anonymous_1)","decl":{"start":{"line":20,"column":22},"end":{"line":20,"column":23}},"loc":{"start":{"line":20,"column":40},"end":{"line":75,"column":3}},"line":20},"2":{"name":"(anonymous_2)","decl":{"start":{"line":26,"column":28},"end":{"line":26,"column":29}},"loc":{"start":{"line":26,"column":34},"end":{"line":29,"column":5}},"line":26},"3":{"name":"(anonymous_3)","decl":{"start":{"line":30,"column":23},"end":{"line":30,"column":24}},"loc":{"start":{"line":30,"column":34},"end":{"line":32,"column":5}},"line":30},"4":{"name":"(anonymous_4)","decl":{"start":{"line":33,"column":28},"end":{"line":33,"column":29}},"loc":{"start":{"line":33,"column":48},"end":{"line":41,"column":5}},"line":33},"5":{"name":"(anonymous_5)","decl":{"start":{"line":42,"column":28},"end":{"line":42,"column":29}},"loc":{"start":{"line":42,"column":43},"end":{"line":74,"column":5}},"line":42},"6":{"name":"(anonymous_6)","decl":{"start":{"line":79,"column":33},"end":{"line":79,"column":34}},"loc":{"start":{"line":79,"column":45},"end":{"line":125,"column":3}},"line":79},"7":{"name":"(anonymous_7)","decl":{"start":{"line":93,"column":28},"end":{"line":93,"column":29}},"loc":{"start":{"line":93,"column":40},"end":{"line":115,"column":5}},"line":93},"8":{"name":"(anonymous_8)","decl":{"start":{"line":116,"column":23},"end":{"line":116,"column":24}},"loc":{"start":{"line":116,"column":34},"end":{"line":118,"column":5}},"line":116},"9":{"name":"(anonymous_9)","decl":{"start":{"line":119,"column":22},"end":{"line":119,"column":23}},"loc":{"start":{"line":119,"column":35},"end":{"line":124,"column":5}},"line":119}},"branchMap":{"0":{"loc":{"start":{"line":45,"column":6},"end":{"line":52,"column":7}},"type":"if","locations":[{"start":{"line":45,"column":6},"end":{"line":52,"column":7}},{"start":{},"end":{}}],"line":45},"1":{"loc":{"start":{"line":54,"column":6},"end":{"line":60,"column":7}},"type":"if","locations":[{"start":{"line":54,"column":6},"end":{"line":60,"column":7}},{"start":{},"end":{}}],"line":54},"2":{"loc":{"start":{"line":62,"column":6},"end":{"line":68,"column":7}},"type":"if","locations":[{"start":{"line":62,"column":6},"end":{"line":68,"column":7}},{"start":{},"end":{}}],"line":62},"3":{"loc":{"start":{"line":101,"column":18},"end":{"line":101,"column":68}},"type":"binary-expr","locations":[{"start":{"line":101,"column":18},"end":{"line":101,"column":63}},{"start":{"line":101,"column":67},"end":{"line":101,"column":68}}],"line":101},"4":{"loc":{"start":{"line":104,"column":6},"end":{"line":114,"column":7}},"type":"if","locations":[{"start":{"line":104,"column":6},"end":{"line":114,"column":7}},{"start":{},"end":{}}],"line":104},"5":{"loc":{"start":{"line":106,"column":8},"end":{"line":113,"column":9}},"type":"if","locations":[{"start":{"line":106,"column":8},"end":{"line":113,"column":9}},{"start":{},"end":{}}],"line":106}},"s":{"0":3,"1":3,"2":3,"3":3,"4":3,"5":3,"6":4,"7":4,"8":4,"9":4,"10":4,"11":4,"12":4,"13":4,"14":0,"15":4,"16":3,"17":3,"18":3,"19":3,"20":4,"21":3,"22":3,"23":3,"24":1,"25":1,"26":2,"27":1,"28":1,"29":1,"30":1,"31":1,"32":1,"33":0,"34":0,"35":3,"36":3,"37":3,"38":1,"39":1,"40":1,"41":1,"42":1,"43":1,"44":1,"45":1,"46":1,"47":1,"48":1,"49":0,"50":0,"51":0,"52":0,"53":0,"54":0,"55":0,"56":0,"57":0,"58":1,"59":0,"60":1,"61":0},"f":{"0":3,"1":4,"2":4,"3":0,"4":3,"5":3,"6":1,"7":0,"8":0,"9":0},"b":{"0":[1,2],"1":[1,1],"2":[1,0],"3":[0,0],"4":[0,0],"5":[0,0]},"_coverageSchema":"1a1c01bbd47fc00a2c39e90264f33305004495a9","hash":"0ccf3c9bcca788868f350f21e47570ed88409cc1"}
,"C:\\baekjoon\\copycat\\server\\config\\dotenv\\expose.cjs": {"path":"C:\\baekjoon\\copycat\\server\\config\\dotenv\\expose.cjs","statementMap":{"0":{"start":{"line":2,"column":0},"end":{"line":2,"column":29}}},"fnMap":{},"branchMap":{},"s":{"0":2},"f":{},"b":{},"inputSourceMap":null,"_coverageSchema":"1a1c01bbd47fc00a2c39e90264f33305004495a9","hash":"4eb2cd1dce38d0d790899b10e390336a2c46b1ff"}
,"C:\\baekjoon\\copycat\\server\\config\\dotenv\\index.js": {"path":"C:\\baekjoon\\copycat\\server\\config\\dotenv\\index.js","statementMap":{"0":{"start":{"line":4,"column":20},"end":{"line":4,"column":26}},"1":{"start":{"line":6,"column":2},"end":{"line":16,"column":3}},"2":{"start":{"line":8,"column":6},"end":{"line":8,"column":65}},"3":{"start":{"line":9,"column":6},"end":{"line":9,"column":12}},"4":{"start":{"line":11,"column":6},"end":{"line":11,"column":66}},"5":{"start":{"line":12,"column":6},"end":{"line":12,"column":12}},"6":{"start":{"line":14,"column":6},"end":{"line":14,"column":65}},"7":{"start":{"line":15,"column":6},"end":{"line":15,"column":12}},"8":{"start":{"line":17,"column":2},"end":{"line":17,"column":52}}},"fnMap":{"0":{"name":"(anonymous_0)","decl":{"start":{"line":5,"column":15},"end":{"line":5,"column":16}},"loc":{"start":{"line":5,"column":21},"end":{"line":18,"column":1}},"line":5}},"branchMap":{"0":{"loc":{"start":{"line":6,"column":2},"end":{"line":16,"column":3}},"type":"switch","locations":[{"start":{"line":7,"column":4},"end":{"line":9,"column":12}},{"start":{"line":10,"column":4},"end":{"line":12,"column":12}},{"start":{"line":13,"column":4},"end":{"line":15,"column":12}}],"line":6}},"s":{"0":2,"1":4,"2":0,"3":0,"4":4,"5":4,"6":0,"7":0,"8":4},"f":{"0":4},"b":{"0":[0,4,0]},"_coverageSchema":"1a1c01bbd47fc00a2c39e90264f33305004495a9","hash":"a35bc1f4925a7b7952ee42476ad401ee9e01d003"}
,"C:\\baekjoon\\copycat\\server\\controllers\\user.js": {"path":"C:\\baekjoon\\copycat\\server\\controllers\\user.js","statementMap":{"0":{"start":{"line":5,"column":24},"end":{"line":27,"column":1}},"1":{"start":{"line":6,"column":2},"end":{"line":6,"column":24}},"2":{"start":{"line":7,"column":33},"end":{"line":7,"column":41}},"3":{"start":{"line":8,"column":18},"end":{"line":11,"column":4}},"4":{"start":{"line":12,"column":2},"end":{"line":22,"column":3}},"5":{"start":{"line":13,"column":4},"end":{"line":13,"column":25}},"6":{"start":{"line":15,"column":4},"end":{"line":20,"column":5}},"7":{"start":{"line":16,"column":6},"end":{"line":19,"column":9}},"8":{"start":{"line":21,"column":4},"end":{"line":21,"column":23}},"9":{"start":{"line":23,"column":2},"end":{"line":26,"column":5}},"10":{"start":{"line":29,"column":25},"end":{"line":46,"column":1}},"11":{"start":{"line":31,"column":2},"end":{"line":45,"column":21}},"12":{"start":{"line":32,"column":4},"end":{"line":35,"column":5}},"13":{"start":{"line":33,"column":6},"end":{"line":33,"column":27}},"14":{"start":{"line":34,"column":6},"end":{"line":34,"column":25}},"15":{"start":{"line":36,"column":4},"end":{"line":38,"column":5}},"16":{"start":{"line":37,"column":6},"end":{"line":37,"column":46}},"17":{"start":{"line":39,"column":4},"end":{"line":44,"column":7}},"18":{"start":{"line":40,"column":6},"end":{"line":42,"column":7}},"19":{"start":{"line":41,"column":8},"end":{"line":41,"column":27}},"20":{"start":{"line":43,"column":6},"end":{"line":43,"column":46}},"21":{"start":{"line":48,"column":25},"end":{"line":56,"column":1}},"22":{"start":{"line":49,"column":15},"end":{"line":49,"column":23}},"23":{"start":{"line":50,"column":2},"end":{"line":55,"column":5}},"24":{"start":{"line":58,"column":26},"end":{"line":64,"column":1}},"25":{"start":{"line":59,"column":2},"end":{"line":59,"column":24}},"26":{"start":{"line":60,"column":2},"end":{"line":63,"column":5}}},"fnMap":{"0":{"name":"(anonymous_0)","decl":{"start":{"line":5,"column":24},"end":{"line":5,"column":25}},"loc":{"start":{"line":5,"column":44},"end":{"line":27,"column":1}},"line":5},"1":{"name":"(anonymous_1)","decl":{"start":{"line":29,"column":25},"end":{"line":29,"column":26}},"loc":{"start":{"line":29,"column":51},"end":{"line":46,"column":1}},"line":29},"2":{"name":"(anonymous_2)","decl":{"start":{"line":31,"column":33},"end":{"line":31,"column":34}},"loc":{"start":{"line":31,"column":56},"end":{"line":45,"column":3}},"line":31},"3":{"name":"(anonymous_3)","decl":{"start":{"line":39,"column":27},"end":{"line":39,"column":28}},"loc":{"start":{"line":39,"column":38},"end":{"line":44,"column":5}},"line":39},"4":{"name":"(anonymous_4)","decl":{"start":{"line":48,"column":25},"end":{"line":48,"column":26}},"loc":{"start":{"line":48,"column":37},"end":{"line":56,"column":1}},"line":48},"5":{"name":"(anonymous_5)","decl":{"start":{"line":58,"column":26},"end":{"line":58,"column":27}},"loc":{"start":{"line":58,"column":40},"end":{"line":64,"column":1}},"line":58}},"branchMap":{"0":{"loc":{"start":{"line":15,"column":4},"end":{"line":20,"column":5}},"type":"if","locations":[{"start":{"line":15,"column":4},"end":{"line":20,"column":5}},{"start":{},"end":{}}],"line":15},"1":{"loc":{"start":{"line":15,"column":8},"end":{"line":15,"column":63}},"type":"binary-expr","locations":[{"start":{"line":15,"column":8},"end":{"line":15,"column":40}},{"start":{"line":15,"column":44},"end":{"line":15,"column":63}}],"line":15},"2":{"loc":{"start":{"line":32,"column":4},"end":{"line":35,"column":5}},"type":"if","locations":[{"start":{"line":32,"column":4},"end":{"line":35,"column":5}},{"start":{},"end":{}}],"line":32},"3":{"loc":{"start":{"line":36,"column":4},"end":{"line":38,"column":5}},"type":"if","locations":[{"start":{"line":36,"column":4},"end":{"line":38,"column":5}},{"start":{},"end":{}}],"line":36},"4":{"loc":{"start":{"line":40,"column":6},"end":{"line":42,"column":7}},"type":"if","locations":[{"start":{"line":40,"column":6},"end":{"line":42,"column":7}},{"start":{},"end":{}}],"line":40}},"s":{"0":3,"1":14,"2":14,"3":14,"4":14,"5":14,"6":2,"7":2,"8":0,"9":12,"10":3,"11":11,"12":11,"13":0,"14":0,"15":11,"16":3,"17":8,"18":8,"19":0,"20":8,"21":3,"22":2,"23":2,"24":3,"25":2,"26":2},"f":{"0":14,"1":11,"2":11,"3":8,"4":2,"5":2},"b":{"0":[2,0],"1":[2,2],"2":[0,11],"3":[3,8],"4":[0,8]},"_coverageSchema":"1a1c01bbd47fc00a2c39e90264f33305004495a9","hash":"4708f0f29beec105e0c578f0abd8453a7b03d88c"}
,"C:\\baekjoon\\copycat\\server\\middlewares\\apiAuthMiddleware.js": {"path":"C:\\baekjoon\\copycat\\server\\middlewares\\apiAuthMiddleware.js","statementMap":{"0":{"start":{"line":1,"column":24},"end":{"line":9,"column":1}},"1":{"start":{"line":2,"column":2},"end":{"line":4,"column":3}},"2":{"start":{"line":3,"column":4},"end":{"line":3,"column":18}},"3":{"start":{"line":5,"column":2},"end":{"line":8,"column":5}},"4":{"start":{"line":11,"column":27},"end":{"line":19,"column":1}},"5":{"start":{"line":12,"column":2},"end":{"line":14,"column":3}},"6":{"start":{"line":13,"column":4},"end":{"line":13,"column":18}},"7":{"start":{"line":15,"column":2},"end":{"line":18,"column":5}}},"fnMap":{"0":{"name":"(anonymous_0)","decl":{"start":{"line":1,"column":24},"end":{"line":1,"column":25}},"loc":{"start":{"line":1,"column":44},"end":{"line":9,"column":1}},"line":1},"1":{"name":"(anonymous_1)","decl":{"start":{"line":11,"column":27},"end":{"line":11,"column":28}},"loc":{"start":{"line":11,"column":47},"end":{"line":19,"column":1}},"line":11}},"branchMap":{"0":{"loc":{"start":{"line":2,"column":2},"end":{"line":4,"column":3}},"type":"if","locations":[{"start":{"line":2,"column":2},"end":{"line":4,"column":3}},{"start":{},"end":{}}],"line":2},"1":{"loc":{"start":{"line":12,"column":2},"end":{"line":14,"column":3}},"type":"if","locations":[{"start":{"line":12,"column":2},"end":{"line":14,"column":3}},{"start":{},"end":{}}],"line":12}},"s":{"0":3,"1":5,"2":3,"3":2,"4":3,"5":23,"6":22,"7":1},"f":{"0":5,"1":23},"b":{"0":[3,2],"1":[22,1]},"_coverageSchema":"1a1c01bbd47fc00a2c39e90264f33305004495a9","hash":"d82420187b85e48790b84ff77836bdc18b458ca6"}
,"C:\\baekjoon\\copycat\\server\\middlewares\\sessionMiddleware.js": {"path":"C:\\baekjoon\\copycat\\server\\middlewares\\sessionMiddleware.js","statementMap":{"0":{"start":{"line":3,"column":0},"end":{"line":3,"column":9}},"1":{"start":{"line":4,"column":26},"end":{"line":15,"column":2}}},"fnMap":{},"branchMap":{},"s":{"0":2,"1":2},"f":{},"b":{},"_coverageSchema":"1a1c01bbd47fc00a2c39e90264f33305004495a9","hash":"63e2d8274956d249972d16a8f49e02a5d2a79bc4"}
,"C:\\baekjoon\\copycat\\server\\middlewares\\socketAuthMiddleware.js": {"path":"C:\\baekjoon\\copycat\\server\\middlewares\\socketAuthMiddleware.js","statementMap":{"0":{"start":{"line":1,"column":24},"end":{"line":9,"column":1}},"1":{"start":{"line":2,"column":2},"end":{"line":4,"column":3}},"2":{"start":{"line":3,"column":4},"end":{"line":3,"column":18}},"3":{"start":{"line":5,"column":2},"end":{"line":8,"column":7}},"4":{"start":{"line":11,"column":27},"end":{"line":19,"column":1}},"5":{"start":{"line":12,"column":2},"end":{"line":14,"column":3}},"6":{"start":{"line":13,"column":4},"end":{"line":13,"column":18}},"7":{"start":{"line":15,"column":2},"end":{"line":18,"column":7}}},"fnMap":{"0":{"name":"(anonymous_0)","decl":{"start":{"line":1,"column":24},"end":{"line":1,"column":25}},"loc":{"start":{"line":1,"column":42},"end":{"line":9,"column":1}},"line":1},"1":{"name":"(anonymous_1)","decl":{"start":{"line":11,"column":27},"end":{"line":11,"column":28}},"loc":{"start":{"line":11,"column":45},"end":{"line":19,"column":1}},"line":11}},"branchMap":{"0":{"loc":{"start":{"line":2,"column":2},"end":{"line":4,"column":3}},"type":"if","locations":[{"start":{"line":2,"column":2},"end":{"line":4,"column":3}},{"start":{},"end":{}}],"line":2},"1":{"loc":{"start":{"line":12,"column":2},"end":{"line":14,"column":3}},"type":"if","locations":[{"start":{"line":12,"column":2},"end":{"line":14,"column":3}},{"start":{},"end":{}}],"line":12}},"s":{"0":2,"1":8,"2":6,"3":2,"4":2,"5":2,"6":1,"7":1},"f":{"0":8,"1":2},"b":{"0":[6,2],"1":[1,1]},"_coverageSchema":"1a1c01bbd47fc00a2c39e90264f33305004495a9","hash":"f98f25584bcf0c68f019e7f79a423b0a7cf53769"}
,"C:\\baekjoon\\copycat\\server\\passport\\index.js": {"path":"C:\\baekjoon\\copycat\\server\\passport\\index.js","statementMap":{"0":{"start":{"line":5,"column":27},"end":{"line":20,"column":1}},"1":{"start":{"line":6,"column":2},"end":{"line":8,"column":5}},"2":{"start":{"line":7,"column":4},"end":{"line":7,"column":25}},"3":{"start":{"line":10,"column":2},"end":{"line":17,"column":5}},"4":{"start":{"line":11,"column":4},"end":{"line":16,"column":5}},"5":{"start":{"line":12,"column":23},"end":{"line":12,"column":50}},"6":{"start":{"line":13,"column":6},"end":{"line":13,"column":27}},"7":{"start":{"line":15,"column":6},"end":{"line":15,"column":16}},"8":{"start":{"line":19,"column":2},"end":{"line":19,"column":10}}},"fnMap":{"0":{"name":"(anonymous_0)","decl":{"start":{"line":5,"column":27},"end":{"line":5,"column":28}},"loc":{"start":{"line":5,"column":33},"end":{"line":20,"column":1}},"line":5},"1":{"name":"(anonymous_1)","decl":{"start":{"line":6,"column":25},"end":{"line":6,"column":26}},"loc":{"start":{"line":6,"column":41},"end":{"line":8,"column":3}},"line":6},"2":{"name":"(anonymous_2)","decl":{"start":{"line":10,"column":27},"end":{"line":10,"column":28}},"loc":{"start":{"line":10,"column":48},"end":{"line":17,"column":3}},"line":10}},"branchMap":{},"s":{"0":2,"1":2,"2":7,"3":2,"4":32,"5":32,"6":30,"7":0,"8":2},"f":{"0":2,"1":7,"2":32},"b":{},"_coverageSchema":"1a1c01bbd47fc00a2c39e90264f33305004495a9","hash":"c408827a2a004e76762a18101fec98a2aa3a3c6e"}
,"C:\\baekjoon\\copycat\\server\\passport\\localStrategy.js": {"path":"C:\\baekjoon\\copycat\\server\\passport\\localStrategy.js","statementMap":{"0":{"start":{"line":6,"column":32},"end":{"line":28,"column":1}},"1":{"start":{"line":7,"column":2},"end":{"line":27,"column":6}},"2":{"start":{"line":11,"column":4},"end":{"line":26,"column":5}},"3":{"start":{"line":12,"column":23},"end":{"line":12,"column":55}},"4":{"start":{"line":13,"column":6},"end":{"line":22,"column":7}},"5":{"start":{"line":14,"column":20},"end":{"line":14,"column":69}},"6":{"start":{"line":15,"column":8},"end":{"line":19,"column":9}},"7":{"start":{"line":16,"column":10},"end":{"line":16,"column":65}},"8":{"start":{"line":18,"column":10},"end":{"line":18,"column":72}},"9":{"start":{"line":21,"column":8},"end":{"line":21,"column":71}},"10":{"start":{"line":24,"column":6},"end":{"line":24,"column":27}},"11":{"start":{"line":25,"column":6},"end":{"line":25,"column":18}}},"fnMap":{"0":{"name":"(anonymous_0)","decl":{"start":{"line":6,"column":32},"end":{"line":6,"column":33}},"loc":{"start":{"line":6,"column":38},"end":{"line":28,"column":1}},"line":6},"1":{"name":"(anonymous_1)","decl":{"start":{"line":10,"column":5},"end":{"line":10,"column":6}},"loc":{"start":{"line":10,"column":41},"end":{"line":27,"column":3}},"line":10}},"branchMap":{"0":{"loc":{"start":{"line":13,"column":6},"end":{"line":22,"column":7}},"type":"if","locations":[{"start":{"line":13,"column":6},"end":{"line":22,"column":7}},{"start":{"line":20,"column":13},"end":{"line":22,"column":7}}],"line":13},"1":{"loc":{"start":{"line":15,"column":8},"end":{"line":19,"column":9}},"type":"if","locations":[{"start":{"line":15,"column":8},"end":{"line":19,"column":9}},{"start":{"line":17,"column":15},"end":{"line":19,"column":9}}],"line":15}},"s":{"0":2,"1":2,"2":9,"3":9,"4":9,"5":8,"6":8,"7":7,"8":1,"9":1,"10":0,"11":0},"f":{"0":2,"1":9},"b":{"0":[8,1],"1":[7,1]},"_coverageSchema":"1a1c01bbd47fc00a2c39e90264f33305004495a9","hash":"cbbd7f16bc614b71aa6ef05a94305fc4bbf01ee3"}
,"C:\\baekjoon\\copycat\\server\\routes\\user.js": {"path":"C:\\baekjoon\\copycat\\server\\routes\\user.js","statementMap":{"0":{"start":{"line":6,"column":15},"end":{"line":6,"column":31}},"1":{"start":{"line":8,"column":0},"end":{"line":8,"column":51}},"2":{"start":{"line":10,"column":0},"end":{"line":10,"column":53}},"3":{"start":{"line":12,"column":0},"end":{"line":12,"column":51}},"4":{"start":{"line":14,"column":0},"end":{"line":14,"column":49}}},"fnMap":{},"branchMap":{},"s":{"0":2,"1":2,"2":2,"3":2,"4":2},"f":{},"b":{},"_coverageSchema":"1a1c01bbd47fc00a2c39e90264f33305004495a9","hash":"5370e4e579857e6ee372ec32079e5368d4a4c640"}
,"C:\\baekjoon\\copycat\\server\\schemas\\index.js": {"path":"C:\\baekjoon\\copycat\\server\\schemas\\index.js","statementMap":{"0":{"start":{"line":3,"column":23},"end":{"line":18,"column":1}},"1":{"start":{"line":4,"column":2},"end":{"line":10,"column":7}},"2":{"start":{"line":6,"column":6},"end":{"line":6,"column":35}},"3":{"start":{"line":9,"column":6},"end":{"line":9,"column":25}},"4":{"start":{"line":11,"column":2},"end":{"line":13,"column":5}},"5":{"start":{"line":12,"column":4},"end":{"line":12,"column":23}},"6":{"start":{"line":14,"column":2},"end":{"line":17,"column":5}},"7":{"start":{"line":15,"column":4},"end":{"line":15,"column":36}},"8":{"start":{"line":16,"column":4},"end":{"line":16,"column":14}},"9":{"start":{"line":20,"column":26},"end":{"line":24,"column":1}},"10":{"start":{"line":21,"column":2},"end":{"line":23,"column":5}},"11":{"start":{"line":22,"column":4},"end":{"line":22,"column":37}}},"fnMap":{"0":{"name":"(anonymous_0)","decl":{"start":{"line":3,"column":23},"end":{"line":3,"column":24}},"loc":{"start":{"line":3,"column":29},"end":{"line":18,"column":1}},"line":3},"1":{"name":"(anonymous_1)","decl":{"start":{"line":5,"column":10},"end":{"line":5,"column":11}},"loc":{"start":{"line":5,"column":16},"end":{"line":7,"column":5}},"line":5},"2":{"name":"(anonymous_2)","decl":{"start":{"line":8,"column":11},"end":{"line":8,"column":12}},"loc":{"start":{"line":8,"column":22},"end":{"line":10,"column":5}},"line":8},"3":{"name":"(anonymous_3)","decl":{"start":{"line":11,"column":34},"end":{"line":11,"column":35}},"loc":{"start":{"line":11,"column":45},"end":{"line":13,"column":3}},"line":11},"4":{"name":"(anonymous_4)","decl":{"start":{"line":14,"column":41},"end":{"line":14,"column":42}},"loc":{"start":{"line":14,"column":47},"end":{"line":17,"column":3}},"line":14},"5":{"name":"(anonymous_5)","decl":{"start":{"line":20,"column":26},"end":{"line":20,"column":27}},"loc":{"start":{"line":20,"column":36},"end":{"line":24,"column":1}},"line":20},"6":{"name":"(anonymous_6)","decl":{"start":{"line":21,"column":36},"end":{"line":21,"column":37}},"loc":{"start":{"line":21,"column":40},"end":{"line":23,"column":3}},"line":21}},"branchMap":{},"s":{"0":2,"1":3,"2":3,"3":0,"4":3,"5":0,"6":3,"7":1,"8":1,"9":2,"10":3,"11":1},"f":{"0":3,"1":3,"2":0,"3":0,"4":1,"5":3,"6":1},"b":{},"_coverageSchema":"1a1c01bbd47fc00a2c39e90264f33305004495a9","hash":"add4825dd99acc2dec2d0353d48d589d15a5fdcc"}
,"C:\\baekjoon\\copycat\\server\\schemas\\room.js": {"path":"C:\\baekjoon\\copycat\\server\\schemas\\room.js","statementMap":{"0":{"start":{"line":3,"column":19},"end":{"line":3,"column":27}},"1":{"start":{"line":5,"column":19},"end":{"line":23,"column":2}},"2":{"start":{"line":25,"column":13},"end":{"line":25,"column":47}}},"fnMap":{},"branchMap":{},"s":{"0":1,"1":1,"2":1},"f":{},"b":{},"_coverageSchema":"1a1c01bbd47fc00a2c39e90264f33305004495a9","hash":"babdd7440a7f9ef3dd5233df31393799e9a6e824"}
,"C:\\baekjoon\\copycat\\server\\schemas\\user.js": {"path":"C:\\baekjoon\\copycat\\server\\schemas\\user.js","statementMap":{"0":{"start":{"line":3,"column":19},"end":{"line":3,"column":27}},"1":{"start":{"line":5,"column":19},"end":{"line":27,"column":2}},"2":{"start":{"line":29,"column":13},"end":{"line":29,"column":47}}},"fnMap":{},"branchMap":{},"s":{"0":3,"1":3,"2":3},"f":{},"b":{},"_coverageSchema":"1a1c01bbd47fc00a2c39e90264f33305004495a9","hash":"9186f6be0ae4d8a615c8d815bd1188b40d5a6ee4"}
}
