TN:
SF:server.js
FN:36,(anonymous_0)
FNF:1
FNH:0
FNDA:0,(anonymous_0)
DA:12,3
DA:13,3
DA:14,3
DA:18,3
DA:22,3
DA:23,3
DA:24,3
DA:25,3
DA:26,3
DA:27,3
DA:32,3
DA:33,3
DA:34,3
DA:35,3
DA:36,3
DA:37,0
DA:38,0
LF:17
LH:15
BRF:0
BRH:0
end_of_record
TN:
SF:config\dotenv\expose.cjs
FNF:0
FNH:0
DA:2,3
LF:1
LH:1
BRF:0
BRH:0
end_of_record
TN:
SF:config\dotenv\index.js
FN:5,(anonymous_0)
FNF:1
FNH:1
FNDA:9,(anonymous_0)
DA:4,3
DA:6,9
DA:8,0
DA:9,0
DA:11,9
DA:12,9
DA:14,0
DA:15,0
DA:17,9
LF:9
LH:5
BRDA:6,0,0,0
BRDA:6,0,1,9
BRDA:6,0,2,0
BRF:3
BRH:1
end_of_record
TN:
SF:controllers\image.js
FN:3,(anonymous_0)
FN:41,(anonymous_1)
FNF:2
FNH:2
FNDA:4,(anonymous_0)
FNDA:5,(anonymous_1)
DA:3,4
DA:4,4
DA:5,4
DA:6,4
DA:7,4
DA:8,4
DA:10,4
DA:11,4
DA:18,0
DA:19,0
DA:20,0
DA:21,0
DA:23,0
DA:26,0
DA:28,3
DA:33,1
DA:34,1
DA:41,4
DA:42,5
DA:43,5
DA:46,5
DA:48,5
DA:49,4
DA:50,4
DA:51,3
DA:52,1
DA:58,2
DA:60,2
DA:64,2
DA:66,2
DA:67,2
LF:31
LH:25
BRDA:10,0,0,4
BRDA:10,0,1,0
BRDA:20,1,0,0
BRDA:20,1,1,0
BRDA:51,2,0,1
BRDA:51,2,1,2
BRF:6
BRH:3
end_of_record
TN:
SF:controllers\openvidu.js
FN:11,(anonymous_0)
FN:21,(anonymous_1)
FN:23,(anonymous_2)
FNF:3
FNH:0
FNDA:0,(anonymous_0)
FNDA:0,(anonymous_1)
FNDA:0,(anonymous_2)
DA:4,3
DA:5,3
DA:6,3
DA:7,3
DA:11,3
DA:12,0
DA:13,0
DA:14,0
DA:21,3
DA:22,0
DA:23,0
DA:25,0
DA:26,0
DA:33,0
DA:34,0
LF:15
LH:6
BRDA:25,0,0,0
BRDA:25,0,1,0
BRF:2
BRH:0
end_of_record
TN:
SF:controllers\room.js
FN:3,(anonymous_0)
FNF:1
FNH:1
FNDA:1,(anonymous_0)
DA:3,4
DA:5,1
DA:6,1
DA:7,1
LF:4
LH:4
BRF:0
BRH:0
end_of_record
TN:
SF:controllers\user.js
FN:5,(anonymous_0)
FN:37,(anonymous_1)
FN:39,(anonymous_2)
FN:47,(anonymous_3)
FN:56,(anonymous_4)
FN:66,(anonymous_5)
FNF:6
FNH:6
FNDA:17,(anonymous_0)
FNDA:14,(anonymous_1)
FNDA:14,(anonymous_2)
FNDA:11,(anonymous_3)
FNDA:2,(anonymous_4)
FNDA:2,(anonymous_5)
DA:5,4
DA:6,17
DA:7,17
DA:8,17
DA:12,17
DA:13,17
DA:15,2
DA:16,2
DA:20,0
DA:21,0
DA:22,0
DA:28,0
DA:29,0
DA:31,15
DA:37,4
DA:39,14
DA:40,14
DA:41,0
DA:42,0
DA:44,14
DA:45,3
DA:47,11
DA:48,11
DA:49,0
DA:51,11
DA:56,4
DA:57,2
DA:58,2
DA:66,4
DA:67,2
DA:68,0
DA:72,0
DA:74,2
DA:75,2
LF:34
LH:24
BRDA:15,0,0,2
BRDA:15,0,1,0
BRDA:15,1,0,2
BRDA:15,1,1,2
BRDA:20,2,0,0
BRDA:20,2,1,0
BRDA:40,3,0,0
BRDA:40,3,1,14
BRDA:44,4,0,3
BRDA:44,4,1,11
BRDA:48,5,0,0
BRDA:48,5,1,11
BRDA:67,6,0,0
BRDA:67,6,1,2
BRF:14
BRH:8
end_of_record
TN:
SF:middlewares\apiAuthMiddleware.js
FN:1,(anonymous_0)
FN:11,(anonymous_1)
FNF:2
FNH:2
FNDA:9,(anonymous_0)
FNDA:2,(anonymous_1)
DA:1,4
DA:2,9
DA:3,7
DA:5,2
DA:11,4
DA:12,2
DA:13,1
DA:15,1
LF:8
LH:8
BRDA:2,0,0,7
BRDA:2,0,1,2
BRDA:12,1,0,1
BRDA:12,1,1,1
BRF:4
BRH:4
end_of_record
TN:
SF:middlewares\sessionMiddleware.js
FNF:0
FNH:0
DA:3,3
DA:4,3
LF:2
LH:2
BRF:0
BRH:0
end_of_record
TN:
SF:middlewares\socketAuthMiddleware.js
FN:1,(anonymous_0)
FN:11,(anonymous_1)
FNF:2
FNH:2
FNDA:8,(anonymous_0)
FNDA:2,(anonymous_1)
DA:1,2
DA:2,8
DA:3,6
DA:5,2
DA:11,2
DA:12,2
DA:13,1
DA:15,1
LF:8
LH:8
BRDA:2,0,0,6
BRDA:2,0,1,2
BRDA:12,1,0,1
BRDA:12,1,1,1
BRF:4
BRH:4
end_of_record
TN:
SF:passport\index.js
FN:5,(anonymous_0)
FN:6,(anonymous_1)
FN:10,(anonymous_2)
FNF:3
FNH:3
FNDA:3,(anonymous_0)
FNDA:10,(anonymous_1)
FNDA:37,(anonymous_2)
DA:5,3
DA:6,3
DA:7,10
DA:10,3
DA:11,37
DA:12,37
DA:13,35
DA:15,0
DA:19,3
LF:9
LH:8
BRF:0
BRH:0
end_of_record
TN:
SF:passport\localStrategy.js
FN:6,(anonymous_0)
FN:10,(anonymous_1)
FNF:2
FNH:2
FNDA:3,(anonymous_0)
FNDA:12,(anonymous_1)
DA:6,3
DA:7,3
DA:11,12
DA:12,12
DA:13,12
DA:14,11
DA:15,11
DA:16,10
DA:18,1
DA:21,1
DA:24,0
DA:25,0
LF:12
LH:10
BRDA:13,0,0,11
BRDA:13,0,1,1
BRDA:15,1,0,10
BRDA:15,1,1,1
BRF:4
BRH:4
end_of_record
TN:
SF:routes\dirname.cjs
FNF:0
FNH:0
DA:1,1
LF:1
LH:1
BRF:0
BRH:0
end_of_record
TN:
SF:routes\image.js
FNF:0
FNH:0
DA:7,3
DA:8,3
DA:9,3
DA:11,3
DA:12,3
LF:5
LH:5
BRF:0
BRH:0
end_of_record
TN:
SF:routes\openvidu.js
FNF:0
FNH:0
DA:4,3
DA:6,3
DA:7,3
LF:3
LH:3
BRF:0
BRH:0
end_of_record
TN:
SF:routes\room.js
FNF:0
FNH:0
DA:6,3
DA:8,3
LF:2
LH:2
BRF:0
BRH:0
end_of_record
TN:
SF:routes\user.js
FNF:0
FNH:0
DA:6,3
DA:8,3
DA:10,3
DA:12,3
DA:14,3
LF:5
LH:5
BRF:0
BRH:0
end_of_record
TN:
SF:schemas\index.js
FN:3,(anonymous_0)
FN:5,(anonymous_1)
FN:8,(anonymous_2)
FN:11,(anonymous_3)
FN:14,(anonymous_4)
FN:20,(anonymous_5)
FN:21,(anonymous_6)
FNF:7
FNH:3
FNDA:3,(anonymous_0)
FNDA:3,(anonymous_1)
FNDA:0,(anonymous_2)
FNDA:0,(anonymous_3)
FNDA:0,(anonymous_4)
FNDA:1,(anonymous_5)
FNDA:0,(anonymous_6)
DA:3,3
DA:4,3
DA:6,3
DA:9,0
DA:11,3
DA:12,0
DA:14,3
DA:15,0
DA:16,0
DA:20,3
DA:21,1
DA:22,0
LF:12
LH:7
BRF:0
BRH:0
end_of_record
TN:
SF:schemas\room.js
FNF:0
FNH:0
DA:3,4
DA:5,4
DA:33,4
LF:3
LH:3
BRF:0
BRH:0
end_of_record
TN:
SF:schemas\user.js
FNF:0
FNH:0
DA:3,4
DA:5,4
DA:29,4
LF:3
LH:3
BRF:0
BRH:0
end_of_record
TN:
SF:sockets\defaultNamespace.js
FN:8,attachDefaultNamespace
FN:27,(anonymous_1)
FN:39,(anonymous_2)
FN:44,(anonymous_3)
FN:49,(anonymous_4)
FN:65,(anonymous_5)
FNF:6
FNH:5
FNDA:3,attachDefaultNamespace
FNDA:4,(anonymous_1)
FNDA:4,(anonymous_2)
FNDA:0,(anonymous_3)
FNDA:3,(anonymous_4)
FNDA:3,(anonymous_5)
DA:12,3
DA:20,3
DA:22,3
DA:23,3
DA:25,3
DA:27,3
DA:29,4
DA:30,4
DA:33,4
DA:36,4
DA:39,4
DA:40,4
DA:44,4
DA:45,0
DA:49,4
DA:50,3
DA:53,3
DA:60,3
DA:61,3
DA:65,4
DA:66,3
DA:67,3
DA:68,3
DA:71,1
DA:75,1
DA:79,2
DA:80,1
DA:84,1
DA:87,1
DA:88,1
DA:89,1
DA:93,1
DA:96,0
LF:33
LH:31
BRDA:68,0,0,1
BRDA:68,0,1,2
BRDA:79,1,0,1
BRDA:79,1,1,1
BRDA:88,2,0,1
BRDA:88,2,1,0
BRF:6
BRH:5
end_of_record
TN:
SF:sockets\roomNamespace.js
FN:10,attachRoomNamespace
FN:19,(anonymous_1)
FN:59,(anonymous_2)
FN:98,(anonymous_3)
FN:103,(anonymous_4)
FN:112,(anonymous_5)
FNF:6
FNH:2
FNDA:3,attachRoomNamespace
FNDA:1,(anonymous_1)
FNDA:0,(anonymous_2)
FNDA:0,(anonymous_3)
FNDA:0,(anonymous_4)
FNDA:0,(anonymous_5)
DA:13,3
DA:16,3
DA:19,3
DA:20,1
DA:21,1
DA:23,1
DA:25,1
DA:27,1
DA:32,1
DA:33,0
DA:38,1
DA:41,1
DA:42,0
DA:53,1
DA:59,1
DA:61,0
DA:67,0
DA:70,0
DA:71,0
DA:75,0
DA:84,0
DA:86,0
DA:87,0
DA:88,0
DA:98,1
DA:99,0
DA:103,1
DA:105,0
DA:112,1
DA:113,0
DA:116,0
DA:117,0
DA:125,0
DA:126,0
DA:127,0
DA:131,0
DA:134,0
DA:135,0
DA:138,0
DA:139,0
DA:143,0
DA:146,0
DA:154,0
DA:157,0
DA:158,0
DA:162,0
DA:166,0
DA:170,0
DA:176,0
DA:177,0
LF:50
LH:16
BRDA:32,0,0,0
BRDA:32,0,1,1
BRDA:41,1,0,0
BRDA:41,1,1,1
BRDA:70,2,0,0
BRDA:70,2,1,0
BRDA:84,3,0,0
BRDA:84,3,1,0
BRDA:87,4,0,0
BRDA:87,4,1,0
BRDA:116,5,0,0
BRDA:116,5,1,0
BRDA:125,6,0,0
BRDA:125,6,1,0
BRDA:126,7,0,0
BRDA:126,7,1,0
BRDA:138,8,0,0
BRDA:138,8,1,0
BRF:18
BRH:2
end_of_record
TN:
SF:sockets\socket.js
FN:5,socketConnect
FNF:1
FNH:1
FNDA:3,socketConnect
DA:6,3
DA:9,3
DA:10,3
LF:3
LH:3
BRF:0
BRH:0
end_of_record
TN:
SF:utils\redis\index.js
FN:6,(anonymous_0)
FN:9,(anonymous_1)
FNF:2
FNH:1
FNDA:4,(anonymous_0)
FNDA:0,(anonymous_1)
DA:4,5
DA:6,5
DA:7,4
DA:9,5
DA:10,0
DA:14,5
LF:6
LH:5
BRF:0
BRH:0
end_of_record
TN:
SF:utils\redis\redisQueue.js
FN:13,createQueue
FN:30,enqueueData
FN:48,dequeueData
FN:74,isQueueEmpty
FN:93,deleteQueue
FNF:5
FNH:5
FNDA:1,createQueue
FNDA:1,enqueueData
FNDA:1,dequeueData
FNDA:1,isQueueEmpty
FNDA:1,deleteQueue
DA:14,1
DA:15,1
DA:16,1
DA:20,0
DA:21,0
DA:31,1
DA:32,1
DA:33,1
DA:35,0
DA:39,0
DA:49,1
DA:51,1
DA:53,1
DA:54,1
DA:56,1
DA:58,0
DA:61,0
DA:65,0
DA:75,1
DA:76,1
DA:77,1
DA:78,1
DA:80,0
DA:84,0
DA:94,1
DA:95,1
DA:97,0
DA:101,0
LF:28
LH:17
BRDA:53,0,0,1
BRDA:53,0,1,0
BRF:2
BRH:1
end_of_record
