TN:
SF:controllers\user.js
FN:5,(anonymous_0)
FN:28,(anonymous_1)
FN:30,(anonymous_2)
FN:38,(anonymous_3)
FN:47,(anonymous_4)
FNF:5
FNH:5
FNDA:2,(anonymous_0)
FNDA:2,(anonymous_1)
FNDA:2,(anonymous_2)
FNDA:1,(anonymous_3)
FNDA:1,(anonymous_4)
DA:5,1
DA:6,2
DA:7,2
DA:8,2
DA:12,2
DA:13,2
DA:15,1
DA:16,1
DA:22,1
DA:28,1
DA:30,2
DA:31,2
DA:32,0
DA:33,0
DA:35,2
DA:36,1
DA:38,1
DA:39,1
DA:40,0
DA:42,1
DA:47,1
DA:48,1
DA:49,1
LF:23
LH:20
BRDA:15,0,0,1
BRDA:15,0,1,0
BRDA:15,1,0,1
BRDA:15,1,1,1
BRDA:31,2,0,0
BRDA:31,2,1,2
BRDA:35,3,0,1
BRDA:35,3,1,1
BRDA:39,4,0,0
BRDA:39,4,1,1
BRF:10
BRH:7
end_of_record
TN:
SF:middlewares\apiAuthMiddleware.js
FN:1,(anonymous_0)
FN:11,(anonymous_1)
FNF:2
FNH:2
FNDA:2,(anonymous_0)
FNDA:2,(anonymous_1)
DA:1,1
DA:2,2
DA:3,1
DA:5,1
DA:11,1
DA:12,2
DA:13,1
DA:15,1
LF:8
LH:8
BRDA:2,0,0,1
BRDA:2,0,1,1
BRDA:12,1,0,1
BRDA:12,1,1,1
BRF:4
BRH:4
end_of_record
TN:
SF:middlewares\socketAuthMiddleware.js
FN:1,(anonymous_0)
FN:11,(anonymous_1)
FNF:2
FNH:2
FNDA:2,(anonymous_0)
FNDA:2,(anonymous_1)
DA:1,1
DA:2,2
DA:3,1
DA:5,1
DA:11,1
DA:12,2
DA:13,1
DA:15,1
LF:8
LH:8
BRDA:2,0,0,1
BRDA:2,0,1,1
BRDA:12,1,0,1
BRDA:12,1,1,1
BRF:4
BRH:4
end_of_record
TN:
SF:schemas\user.js
FNF:0
FNH:0
DA:3,1
DA:5,1
DA:17,1
LF:3
LH:3
BRF:0
BRH:0
end_of_record
